-------------------------------------------------------------------------------
Test set: com.example.web.integration.UserServiceIntegrationTest
-------------------------------------------------------------------------------
Tests run: 1, Failures: 0, Errors: 1, Skipped: 0, Time elapsed: 0.011 s <<< FAILURE! - in com.example.web.integration.UserServiceIntegrationTest
shouldGetCurrentUserProperly  Time elapsed: 0.006 s  <<< ERROR!
java.lang.NullPointerException: Cannot invoke "com.example.service.user.UserService.getCurrentUser()" because "this.userService" is null
	at com.example.web.integration.UserServiceIntegrationTest.shouldGetCurrentUserProperly(UserServiceIntegrationTest.java:35)

