<?xml version="1.0" encoding="UTF-8"?>
<testsuite xmlns:xsi="http://www.w3.org/2001/XMLSchema-instance" xsi:noNamespaceSchemaLocation="https://maven.apache.org/surefire/maven-surefire-plugin/xsd/surefire-test-report.xsd" name="com.example.web.integration.ContactServiceIntegrationTest" time="0.569" tests="10" errors="3" skipped="0" failures="3">
  <properties>
[...]
</properties>
  <testcase name="shouldThrowExceptionIfGetContactByEmailWithWrongEmail" classname="com.example.web.integration.ContactServiceIntegrationTest" time="0.03"/>
  <testcase name="shouldFindAllContactsProperly" classname="com.example.web.integration.ContactServiceIntegrationTest" time="0.038">
    <failure message="&#10;Expecting:&#10;  &lt;[]&gt;&#10;to be equal to:&#10;  &lt;[Contact(id=1, firstName=Alex, lastName=Davidson, jobTitle=CEO, company=Harper Corporation, country=USA, email=alex_davidson@gmail.com, mobilePhone=+12027995223, user=null),&#10;    Contact(id=2, firstName=Jack, lastName=Smith, jobTitle=Architecture, company=Peterson &amp; Davids, country=Canada, email=jack_smith@gmail.com, mobilePhone=+14378455569, user=null),&#10;    Contact(id=3, firstName=Maria, lastName=Smirnova, jobTitle=Lead Designer, company=ReversePyramid LTD, country=UK, email=maria_smirnova@gmail.com, mobilePhone=+447911123456, user=null),&#10;    Contact(id=4, firstName=Martin, lastName=Laanpere, jobTitle=Software Engineer, company=TLU, country=Estonia, email=martin_laanpere@gmail.com, mobilePhone=+3724444444, user=null),&#10;    Contact(id=5, firstName=Viktor, lastName=Volochay, jobTitle=Product manager, company=Wildmap, country=Ukraine, email=viktor_volochay@gmail.com, mobilePhone=+3805543321, user=null)]&gt;&#10;when recursively comparing field by field, but found the following difference:&#10;&#10;Top level actual and expected objects differ:&#10;- actual value   : []&#10;- expected value : [Contact(id=1, firstName=Alex, lastName=Davidson, jobTitle=CEO, company=Harper Corporation, country=USA, email=alex_davidson@gmail.com, mobilePhone=+12027995223, user=null),&#10;    Contact(id=2, firstName=Jack, lastName=Smith, jobTitle=Architecture, company=Peterson &amp; Davids, country=Canada, email=jack_smith@gmail.com, mobilePhone=+14378455569, user=null),&#10;    Contact(id=3, firstName=Maria, lastName=Smirnova, jobTitle=Lead Designer, company=ReversePyramid LTD, country=UK, email=maria_smirnova@gmail.com, mobilePhone=+447911123456, user=null),&#10;    Contact(id=4, firstName=Martin, lastName=Laanpere, jobTitle=Software Engineer, company=TLU, country=Estonia, email=martin_laanpere@gmail.com, mobilePhone=+3724444444, user=null),&#10;    Contact(id=5, firstName=Viktor, lastName=Volochay, jobTitle=Product manager, company=Wildmap, country=Ukraine, email=viktor_volochay@gmail.com, mobilePhone=+3805543321, user=null)]&#10;actual and expected values are collections of different size, actual size=0 when expected size=5&#10;&#10;The recursive comparison was performed with this configuration:&#10;- overridden equals methods were used in the comparison&#10;- these types were compared with the following comparators:&#10;  - java.lang.Double -&gt; DoubleComparator[precision=1.0E-15]&#10;  - java.lang.Float -&gt; FloatComparator[precision=1.0E-6]&#10;- actual and expected objects and their fields were compared field by field recursively even if they were not of the same type, this allows for example to compare a Person to a PersonDto (call strictTypeChecking(true) to change that behavior).&#10;" type="java.lang.AssertionError"><![CDATA[java.lang.AssertionError: 

Expecting:
  <[]>
to be equal to:
  <[Contact(id=1, firstName=Alex, lastName=Davidson, jobTitle=CEO, company=Harper Corporation, country=USA, email=alex_davidson@gmail.com, mobilePhone=+12027995223, user=null),
    Contact(id=2, firstName=Jack, lastName=Smith, jobTitle=Architecture, company=Peterson & Davids, country=Canada, email=jack_smith@gmail.com, mobilePhone=+14378455569, user=null),
    Contact(id=3, firstName=Maria, lastName=Smirnova, jobTitle=Lead Designer, company=ReversePyramid LTD, country=UK, email=maria_smirnova@gmail.com, mobilePhone=+447911123456, user=null),
    Contact(id=4, firstName=Martin, lastName=Laanpere, jobTitle=Software Engineer, company=TLU, country=Estonia, email=martin_laanpere@gmail.com, mobilePhone=+3724444444, user=null),
    Contact(id=5, firstName=Viktor, lastName=Volochay, jobTitle=Product manager, company=Wildmap, country=Ukraine, email=viktor_volochay@gmail.com, mobilePhone=+3805543321, user=null)]>
when recursively comparing field by field, but found the following difference:

Top level actual and expected objects differ:
- actual value   : []
- expected value : [Contact(id=1, firstName=Alex, lastName=Davidson, jobTitle=CEO, company=Harper Corporation, country=USA, email=alex_davidson@gmail.com, mobilePhone=+12027995223, user=null),
    Contact(id=2, firstName=Jack, lastName=Smith, jobTitle=Architecture, company=Peterson & Davids, country=Canada, email=jack_smith@gmail.com, mobilePhone=+14378455569, user=null),
    Contact(id=3, firstName=Maria, lastName=Smirnova, jobTitle=Lead Designer, company=ReversePyramid LTD, country=UK, email=maria_smirnova@gmail.com, mobilePhone=+447911123456, user=null),
    Contact(id=4, firstName=Martin, lastName=Laanpere, jobTitle=Software Engineer, company=TLU, country=Estonia, email=martin_laanpere@gmail.com, mobilePhone=+3724444444, user=null),
    Contact(id=5, firstName=Viktor, lastName=Volochay, jobTitle=Product manager, company=Wildmap, country=Ukraine, email=viktor_volochay@gmail.com, mobilePhone=+3805543321, user=null)]
actual and expected values are collections of different size, actual size=0 when expected size=5

The recursive comparison was performed with this configuration:
- overridden equals methods were used in the comparison
- these types were compared with the following comparators:
  - java.lang.Double -> DoubleComparator[precision=1.0E-15]
  - java.lang.Float -> FloatComparator[precision=1.0E-6]
- actual and expected objects and their fields were compared field by field recursively even if they were not of the same type, this allows for example to compare a Person to a PersonDto (call strictTypeChecking(true) to change that behavior).

	at com.example.web.integration.ContactServiceIntegrationTest.shouldFindAllContactsProperly(ContactServiceIntegrationTest.java:48)
]]></failure>
    <system-out><![CDATA[2021-09-28 17:03:34.245  INFO 5364 --- [           main] c.e.w.i.ContactServiceIntegrationTest    : Test findAllContacts() method of the Contact service class
2021-09-28 17:03:34.247  INFO 5364 --- [           main] c.e.service.contact.ContactServiceImpl   : Receiving a page for all contacts
Hibernate: select contact0_.id as id1_1_, contact0_.company as company2_1_, contact0_.country as country3_1_, contact0_.email as email4_1_, contact0_.first_name as first_na5_1_, contact0_.job_title as job_titl6_1_, contact0_.last_name as last_nam7_1_, contact0_.mobile_phone as mobile_p8_1_, contact0_.user_id as user_id9_1_ from contact contact0_ limit ?
]]></system-out>
  </testcase>
  <testcase name="shouldFindAllByFilterParamProperly" classname="com.example.web.integration.ContactServiceIntegrationTest" time="0.037">
    <failure message="&#10;Expecting:&#10;  &lt;[]&gt;&#10;to be equal to:&#10;  &lt;[Contact(id=3, firstName=Maria, lastName=Smirnova, jobTitle=Lead Designer, company=ReversePyramid LTD, country=UK, email=maria_smirnova@gmail.com, mobilePhone=+447911123456, user=null),&#10;    Contact(id=4, firstName=Martin, lastName=Laanpere, jobTitle=Software Engineer, company=TLU, country=Estonia, email=martin_laanpere@gmail.com, mobilePhone=+3724444444, user=null)]&gt;&#10;when recursively comparing field by field, but found the following difference:&#10;&#10;Top level actual and expected objects differ:&#10;- actual value   : []&#10;- expected value : [Contact(id=3, firstName=Maria, lastName=Smirnova, jobTitle=Lead Designer, company=ReversePyramid LTD, country=UK, email=maria_smirnova@gmail.com, mobilePhone=+447911123456, user=null),&#10;    Contact(id=4, firstName=Martin, lastName=Laanpere, jobTitle=Software Engineer, company=TLU, country=Estonia, email=martin_laanpere@gmail.com, mobilePhone=+3724444444, user=null)]&#10;actual and expected values are collections of different size, actual size=0 when expected size=2&#10;&#10;The recursive comparison was performed with this configuration:&#10;- overridden equals methods were used in the comparison&#10;- these types were compared with the following comparators:&#10;  - java.lang.Double -&gt; DoubleComparator[precision=1.0E-15]&#10;  - java.lang.Float -&gt; FloatComparator[precision=1.0E-6]&#10;- actual and expected objects and their fields were compared field by field recursively even if they were not of the same type, this allows for example to compare a Person to a PersonDto (call strictTypeChecking(true) to change that behavior).&#10;" type="java.lang.AssertionError"><![CDATA[java.lang.AssertionError: 

Expecting:
  <[]>
to be equal to:
  <[Contact(id=3, firstName=Maria, lastName=Smirnova, jobTitle=Lead Designer, company=ReversePyramid LTD, country=UK, email=maria_smirnova@gmail.com, mobilePhone=+447911123456, user=null),
    Contact(id=4, firstName=Martin, lastName=Laanpere, jobTitle=Software Engineer, company=TLU, country=Estonia, email=martin_laanpere@gmail.com, mobilePhone=+3724444444, user=null)]>
when recursively comparing field by field, but found the following difference:

Top level actual and expected objects differ:
- actual value   : []
- expected value : [Contact(id=3, firstName=Maria, lastName=Smirnova, jobTitle=Lead Designer, company=ReversePyramid LTD, country=UK, email=maria_smirnova@gmail.com, mobilePhone=+447911123456, user=null),
    Contact(id=4, firstName=Martin, lastName=Laanpere, jobTitle=Software Engineer, company=TLU, country=Estonia, email=martin_laanpere@gmail.com, mobilePhone=+3724444444, user=null)]
actual and expected values are collections of different size, actual size=0 when expected size=2

The recursive comparison was performed with this configuration:
- overridden equals methods were used in the comparison
- these types were compared with the following comparators:
  - java.lang.Double -> DoubleComparator[precision=1.0E-15]
  - java.lang.Float -> FloatComparator[precision=1.0E-6]
- actual and expected objects and their fields were compared field by field recursively even if they were not of the same type, this allows for example to compare a Person to a PersonDto (call strictTypeChecking(true) to change that behavior).

	at com.example.web.integration.ContactServiceIntegrationTest.shouldFindAllByFilterParamProperly(ContactServiceIntegrationTest.java:64)
]]></failure>
    <system-out><![CDATA[2021-09-28 17:03:34.310  INFO 5364 --- [           main] c.e.w.i.ContactServiceIntegrationTest    : Test findAllContactsByParam() method of the Contact service class
2021-09-28 17:03:34.311  INFO 5364 --- [           main] c.e.service.contact.ContactServiceImpl   : Receiving a page with filtering by fullname contacts
Hibernate: select contact0_.id as id1_1_, contact0_.company as company2_1_, contact0_.country as country3_1_, contact0_.email as email4_1_, contact0_.first_name as first_na5_1_, contact0_.job_title as job_titl6_1_, contact0_.last_name as last_nam7_1_, contact0_.mobile_phone as mobile_p8_1_, contact0_.user_id as user_id9_1_ from contact contact0_ where (contact0_.first_name like ?) and (contact0_.last_name like ?) or (contact0_.first_name like ?) and (contact0_.last_name like ?) limit ?
]]></system-out>
  </testcase>
  <testcase name="shouldUpdateContactByEmailProperly" classname="com.example.web.integration.ContactServiceIntegrationTest" time="0.029">
    <error message="The contact with email = maria_smirnova@gmail.com not found" type="com.example.exception.ContactNotFoundException">com.example.exception.ContactNotFoundException: The contact with email = maria_smirnova@gmail.com not found
	at com.example.web.integration.ContactServiceIntegrationTest.shouldUpdateContactByEmailProperly(ContactServiceIntegrationTest.java:86)
</error>
    <system-out><![CDATA[2021-09-28 17:03:34.327  INFO 5364 --- [           main] c.e.w.i.ContactServiceIntegrationTest    : Test updateContactByEmail() method of the Contact service class
2021-09-28 17:03:34.328  INFO 5364 --- [           main] c.e.service.contact.ContactServiceImpl   : Updating a contact by its email = maria_smirnova@gmail.com
Hibernate: select contact0_.id as id1_1_, contact0_.company as company2_1_, contact0_.country as country3_1_, contact0_.email as email4_1_, contact0_.first_name as first_na5_1_, contact0_.job_title as job_titl6_1_, contact0_.last_name as last_nam7_1_, contact0_.mobile_phone as mobile_p8_1_, contact0_.user_id as user_id9_1_ from contact contact0_ where contact0_.email=?
]]></system-out>
  </testcase>
  <testcase name="shouldThrowExceptionIfGetContactByIdWithWrongId" classname="com.example.web.integration.ContactServiceIntegrationTest" time="0.031"/>
  <testcase name="shouldSaveContactProperly" classname="com.example.web.integration.ContactServiceIntegrationTest" time="0.038">
    <failure message="&#10;Expecting:&#10;  &lt;Contact(id=6, firstName=David, lastName=Blane, jobTitle=HR, company=Apple, country=USA, email=david_blane@gmail.com, mobilePhone=+133333333, user=null)&gt;&#10;to be equal to:&#10;  &lt;Contact(id=1, firstName=David, lastName=Blane, jobTitle=HR, company=Apple, country=USA, email=david_blane@gmail.com, mobilePhone=+133333333, user=null)&gt;&#10;when recursively comparing field by field, but found the following difference:&#10;&#10;field/property &apos;id&apos; differ:&#10;- actual value   : 6L&#10;- expected value : 1L&#10;&#10;The recursive comparison was performed with this configuration:&#10;- overridden equals methods were used in the comparison&#10;- these types were compared with the following comparators:&#10;  - java.lang.Double -&gt; DoubleComparator[precision=1.0E-15]&#10;  - java.lang.Float -&gt; FloatComparator[precision=1.0E-6]&#10;- actual and expected objects and their fields were compared field by field recursively even if they were not of the same type, this allows for example to compare a Person to a PersonDto (call strictTypeChecking(true) to change that behavior).&#10;" type="java.lang.AssertionError"><![CDATA[java.lang.AssertionError: 

Expecting:
  <Contact(id=6, firstName=David, lastName=Blane, jobTitle=HR, company=Apple, country=USA, email=david_blane@gmail.com, mobilePhone=+133333333, user=null)>
to be equal to:
  <Contact(id=1, firstName=David, lastName=Blane, jobTitle=HR, company=Apple, country=USA, email=david_blane@gmail.com, mobilePhone=+133333333, user=null)>
when recursively comparing field by field, but found the following difference:

field/property 'id' differ:
- actual value   : 6L
- expected value : 1L

The recursive comparison was performed with this configuration:
- overridden equals methods were used in the comparison
- these types were compared with the following comparators:
  - java.lang.Double -> DoubleComparator[precision=1.0E-15]
  - java.lang.Float -> FloatComparator[precision=1.0E-6]
- actual and expected objects and their fields were compared field by field recursively even if they were not of the same type, this allows for example to compare a Person to a PersonDto (call strictTypeChecking(true) to change that behavior).

	at com.example.web.integration.ContactServiceIntegrationTest.shouldSaveContactProperly(ContactServiceIntegrationTest.java:76)
]]></failure>
    <system-out><![CDATA[2021-09-28 17:03:34.352  INFO 5364 --- [           main] c.e.w.i.ContactServiceIntegrationTest    : Test saveContact() method of the Contact service class
2021-09-28 17:03:34.352  INFO 5364 --- [           main] c.e.service.contact.ContactServiceImpl   : Storing a new contact
Hibernate: select contact0_.id as id1_1_0_, contact0_.company as company2_1_0_, contact0_.country as country3_1_0_, contact0_.email as email4_1_0_, contact0_.first_name as first_na5_1_0_, contact0_.job_title as job_titl6_1_0_, contact0_.last_name as last_nam7_1_0_, contact0_.mobile_phone as mobile_p8_1_0_, contact0_.user_id as user_id9_1_0_ from contact contact0_ where contact0_.id=?
Hibernate: call next value for contact_seq
Hibernate: insert into contact (company, country, email, first_name, job_title, last_name, mobile_phone, user_id, id) values (?, ?, ?, ?, ?, ?, ?, ?, ?)
]]></system-out>
  </testcase>
  <testcase name="shouldGetContactByEmailProperly" classname="com.example.web.integration.ContactServiceIntegrationTest" time="0.034">
    <error message="The contact with email = alex_davidson@gmail.com not found" type="com.example.exception.ContactNotFoundException">com.example.exception.ContactNotFoundException: The contact with email = alex_davidson@gmail.com not found
	at com.example.web.integration.ContactServiceIntegrationTest.shouldGetContactByEmailProperly(ContactServiceIntegrationTest.java:127)
</error>
    <system-out><![CDATA[2021-09-28 17:03:34.369  INFO 5364 --- [           main] c.e.w.i.ContactServiceIntegrationTest    : Test getContactByEmail() method of the Contact service class
2021-09-28 17:03:34.370  INFO 5364 --- [           main] c.e.service.contact.ContactServiceImpl   : Receiving a contact by its email = alex_davidson@gmail.com
Hibernate: select contact0_.id as id1_1_, contact0_.company as company2_1_, contact0_.country as country3_1_, contact0_.email as email4_1_, contact0_.first_name as first_na5_1_, contact0_.job_title as job_titl6_1_, contact0_.last_name as last_nam7_1_, contact0_.mobile_phone as mobile_p8_1_, contact0_.user_id as user_id9_1_ from contact contact0_ where contact0_.email=?
]]></system-out>
  </testcase>
  <testcase name="shouldDeleteContactByEmailProperly" classname="com.example.web.integration.ContactServiceIntegrationTest" time="0.056"/>
  <testcase name="shouldGetContactByIdProperly" classname="com.example.web.integration.ContactServiceIntegrationTest" time="0.031">
    <error message="A contact with id=1 not found" type="com.example.exception.ContactNotFoundException">com.example.exception.ContactNotFoundException: A contact with id=1 not found
	at com.example.web.integration.ContactServiceIntegrationTest.shouldGetContactByIdProperly(ContactServiceIntegrationTest.java:107)
</error>
    <system-out><![CDATA[2021-09-28 17:03:34.395  INFO 5364 --- [           main] c.e.w.i.ContactServiceIntegrationTest    : Test getContactById() method of the Contact service class
2021-09-28 17:03:34.395  INFO 5364 --- [           main] c.e.service.contact.ContactServiceImpl   : Receiving a contact by its id = 1
Hibernate: select contact0_.id as id1_1_0_, contact0_.company as company2_1_0_, contact0_.country as country3_1_0_, contact0_.email as email4_1_0_, contact0_.first_name as first_na5_1_0_, contact0_.job_title as job_titl6_1_0_, contact0_.last_name as last_nam7_1_0_, contact0_.mobile_phone as mobile_p8_1_0_, contact0_.user_id as user_id9_1_0_ from contact contact0_ where contact0_.id=?
]]></system-out>
  </testcase>
  <testcase name="shouldThrowExceptionIfUpdateContactByEmailWithWrongEmail" classname="com.example.web.integration.ContactServiceIntegrationTest" time="0.035"/>
</testsuite>