<?xml version="1.0" encoding="UTF-8"?>
<testsuite xmlns:xsi="http://www.w3.org/2001/XMLSchema-instance" xsi:noNamespaceSchemaLocation="https://maven.apache.org/surefire/maven-surefire-plugin/xsd/surefire-test-report.xsd" name="com.example.service.task.TaskServiceImplTest" time="0.098" tests="8" errors="0" skipped="0" failures="0">
  <properties>
[...]
</properties>
  <testcase name="shouldGetTasksFromDateProperly" classname="com.example.service.task.TaskServiceImplTest" time="0.01"/>
  <testcase name="shouldGetDeleteTaskByIdProperly" classname="com.example.service.task.TaskServiceImplTest" time="0.008"/>
  <testcase name="shouldThrowExceptionWhenIdIsNull" classname="com.example.service.task.TaskServiceImplTest" time="0.021"/>
  <testcase name="shouldThrowExceptionWhenGetByIdWithNullId" classname="com.example.service.task.TaskServiceImplTest" time="0.009"/>
  <testcase name="shouldUpdateTaskProperly" classname="com.example.service.task.TaskServiceImplTest" time="0.009"/>
  <testcase name="shouldGetTaskByIdProperly" classname="com.example.service.task.TaskServiceImplTest" time="0.007"/>
  <testcase name="shouldGetTasksProperly" classname="com.example.service.task.TaskServiceImplTest" time="0.008"/>
  <testcase name="shouldGetActiveTasksBetweenProperly" classname="com.example.service.task.TaskServiceImplTest" time="0.024"/>
</testsuite>